<?xml version="1.0" encoding="UTF-8"?>
<!-- Generated by org.testng.reporters.JUnitXMLReporter -->
<testsuite hostname="DESKTOP-MB16O9P" ignored="2" name="Test" tests="3" failures="0" timestamp="04 一月 2018 01:45:35 GMT" time="2.585" errors="0">
  <testcase name="changeArea" time="1.492" classname="autotest.autotest.testcases.zzkgapi.ApiTest"/>
  <testcase name="changeArea" time="0.164" classname="autotest.autotest.testcases.zzkgapi.ApiTest"/>
  <testcase name="changeArea" time="0.139" classname="autotest.autotest.testcases.zzkgapi.ApiTest"/>
  <testcase name="addAddress" time="0.0" classname="autotest.autotest.testcases.zzkgapi.ApiTest">
    <ignored/>
  </testcase> <!-- addAddress -->
  <testcase name="searchArea" time="0.0" classname="autotest.autotest.testcases.zzkgapi.ApiTest">
    <ignored/>
  </testcase> <!-- searchArea -->
</testsuite> <!-- Test -->
