<?xml version="1.0" encoding="UTF-8"?>
<!-- Generated by org.testng.reporters.JUnitXMLReporter -->
<testsuite hostname="DESKTOP-MB16O9P" name="zzkgApiTest" tests="85" failures="1" timestamp="4 Jan 2018 06:39:03 GMT" time="13.894" errors="0">
  <testcase name="changeArea" time="1.861" classname="autotest.autotest.testcases.zzkgapi.ApiTest"/>
  <testcase name="changeArea" time="0.188" classname="autotest.autotest.testcases.zzkgapi.ApiTest"/>
  <testcase name="changeArea" time="0.184" classname="autotest.autotest.testcases.zzkgapi.ApiTest"/>
  <testcase name="changeArea" time="0.184" classname="autotest.autotest.testcases.zzkgapi.ApiTest"/>
  <testcase name="addAddress" time="0.23" classname="autotest.autotest.testcases.zzkgapi.ApiTest"/>
  <testcase name="addAddress" time="0.215" classname="autotest.autotest.testcases.zzkgapi.ApiTest"/>
  <testcase name="addAddress" time="0.248" classname="autotest.autotest.testcases.zzkgapi.ApiTest"/>
  <testcase name="addAddress" time="0.146" classname="autotest.autotest.testcases.zzkgapi.ApiTest"/>
  <testcase name="addAddress" time="0.121" classname="autotest.autotest.testcases.zzkgapi.ApiTest"/>
  <testcase name="addAddress" time="0.135" classname="autotest.autotest.testcases.zzkgapi.ApiTest"/>
  <testcase name="addAddress" time="0.111" classname="autotest.autotest.testcases.zzkgapi.ApiTest"/>
  <testcase name="addAddress" time="0.128" classname="autotest.autotest.testcases.zzkgapi.ApiTest"/>
  <testcase name="addAddress" time="0.141" classname="autotest.autotest.testcases.zzkgapi.ApiTest"/>
  <testcase name="addAddress" time="0.114" classname="autotest.autotest.testcases.zzkgapi.ApiTest"/>
  <testcase name="addAddress" time="0.147" classname="autotest.autotest.testcases.zzkgapi.ApiTest"/>
  <testcase name="addAddress" time="0.136" classname="autotest.autotest.testcases.zzkgapi.ApiTest"/>
  <testcase name="addAddress" time="0.187" classname="autotest.autotest.testcases.zzkgapi.ApiTest"/>
  <testcase name="addAddress" time="0.119" classname="autotest.autotest.testcases.zzkgapi.ApiTest"/>
  <testcase name="addAddress" time="0.129" classname="autotest.autotest.testcases.zzkgapi.ApiTest"/>
  <testcase name="addAddress" time="0.12" classname="autotest.autotest.testcases.zzkgapi.ApiTest"/>
  <testcase name="addAddress" time="0.117" classname="autotest.autotest.testcases.zzkgapi.ApiTest"/>
  <testcase name="addAddress" time="0.112" classname="autotest.autotest.testcases.zzkgapi.ApiTest"/>
  <testcase name="addAddress" time="0.099" classname="autotest.autotest.testcases.zzkgapi.ApiTest"/>
  <testcase name="addAddress" time="0.128" classname="autotest.autotest.testcases.zzkgapi.ApiTest"/>
  <testcase name="addAddress" time="0.115" classname="autotest.autotest.testcases.zzkgapi.ApiTest"/>
  <testcase name="addAddress" time="0.101" classname="autotest.autotest.testcases.zzkgapi.ApiTest"/>
  <testcase name="addAddress" time="0.098" classname="autotest.autotest.testcases.zzkgapi.ApiTest"/>
  <testcase name="addAddress" time="0.096" classname="autotest.autotest.testcases.zzkgapi.ApiTest"/>
  <testcase name="addAddress" time="0.096" classname="autotest.autotest.testcases.zzkgapi.ApiTest"/>
  <testcase name="addAddress" time="0.094" classname="autotest.autotest.testcases.zzkgapi.ApiTest"/>
  <testcase name="addAddress" time="0.098" classname="autotest.autotest.testcases.zzkgapi.ApiTest"/>
  <testcase name="addAddress" time="0.111" classname="autotest.autotest.testcases.zzkgapi.ApiTest"/>
  <testcase name="addAddress" time="0.108" classname="autotest.autotest.testcases.zzkgapi.ApiTest"/>
  <testcase name="addAddress" time="0.168" classname="autotest.autotest.testcases.zzkgapi.ApiTest"/>
  <testcase name="addAddress" time="0.17" classname="autotest.autotest.testcases.zzkgapi.ApiTest"/>
  <testcase name="addAddress" time="0.097" classname="autotest.autotest.testcases.zzkgapi.ApiTest"/>
  <testcase name="addAddress" time="0.096" classname="autotest.autotest.testcases.zzkgapi.ApiTest"/>
  <testcase name="addAddress" time="0.106" classname="autotest.autotest.testcases.zzkgapi.ApiTest"/>
  <testcase name="addAddress" time="0.107" classname="autotest.autotest.testcases.zzkgapi.ApiTest"/>
  <testcase name="addAddress" time="0.105" classname="autotest.autotest.testcases.zzkgapi.ApiTest"/>
  <testcase name="addAddress" time="0.117" classname="autotest.autotest.testcases.zzkgapi.ApiTest"/>
  <testcase name="addAddress" time="0.11" classname="autotest.autotest.testcases.zzkgapi.ApiTest"/>
  <testcase name="addAddress" time="0.113" classname="autotest.autotest.testcases.zzkgapi.ApiTest"/>
  <testcase name="addAddress" time="0.123" classname="autotest.autotest.testcases.zzkgapi.ApiTest"/>
  <testcase name="addAddress" time="0.119" classname="autotest.autotest.testcases.zzkgapi.ApiTest"/>
  <testcase name="addAddress" time="0.114" classname="autotest.autotest.testcases.zzkgapi.ApiTest"/>
  <testcase name="addAddress" time="0.127" classname="autotest.autotest.testcases.zzkgapi.ApiTest"/>
  <testcase name="addAddress" time="0.077" classname="autotest.autotest.testcases.zzkgapi.ApiTest"/>
  <testcase name="addAddress" time="0.08" classname="autotest.autotest.testcases.zzkgapi.ApiTest"/>
  <testcase name="addAddress" time="0.075" classname="autotest.autotest.testcases.zzkgapi.ApiTest"/>
  <testcase name="addAddress" time="0.075" classname="autotest.autotest.testcases.zzkgapi.ApiTest"/>
  <testcase name="addAddress" time="0.072" classname="autotest.autotest.testcases.zzkgapi.ApiTest"/>
  <testcase name="addAddress" time="0.104" classname="autotest.autotest.testcases.zzkgapi.ApiTest"/>
  <testcase name="addAddress" time="0.098" classname="autotest.autotest.testcases.zzkgapi.ApiTest"/>
  <testcase name="addAddress" time="1.129" classname="autotest.autotest.testcases.zzkgapi.ApiTest">
    <failure type="java.lang.AssertionError" message="1 expectation failed.
JSON path msg doesn&amp;apos;t match.
Expected: 成功
  Actual: 服务器出了点小问题，请稍候重试
">
      <![CDATA[java.lang.AssertionError: 1 expectation failed.
JSON path msg doesn't match.
Expected: 成功
  Actual: 服务器出了点小问题，请稍候重试

	at org.codehaus.groovy.runtime.callsite.ConstructorSite$ConstructorSiteNoUnwrap.callConstructor(ConstructorSite.java:84)
	at org.codehaus.groovy.runtime.callsite.CallSiteArray.defaultCallConstructor(CallSiteArray.java:60)
	at org.codehaus.groovy.runtime.callsite.AbstractCallSite.callConstructor(AbstractCallSite.java:235)
	at org.codehaus.groovy.runtime.callsite.AbstractCallSite.callConstructor(AbstractCallSite.java:247)
	at io.restassured.internal.ResponseSpecificationImpl$HamcrestAssertionClosure.validate(ResponseSpecificationImpl.groovy:471)
	at io.restassured.internal.ResponseSpecificationImpl$HamcrestAssertionClosure$validate$1.call(Unknown Source)
	at io.restassured.internal.ResponseSpecificationImpl.validateResponseIfRequired(ResponseSpecificationImpl.groovy:643)
	at org.codehaus.groovy.runtime.callsite.PogoMetaMethodSite$PogoCachedMethodSiteNoUnwrapNoCoerce.invoke(PogoMetaMethodSite.java:210)
	at org.codehaus.groovy.runtime.callsite.PogoMetaMethodSite.callCurrent(PogoMetaMethodSite.java:59)
	at org.codehaus.groovy.runtime.callsite.AbstractCallSite.callCurrent(AbstractCallSite.java:166)
	at io.restassured.internal.ResponseSpecificationImpl.content(ResponseSpecificationImpl.groovy:265)
	at io.restassured.specification.ResponseSpecification$content$0.callCurrent(Unknown Source)
	at io.restassured.internal.ResponseSpecificationImpl.body(ResponseSpecificationImpl.groovy:248)
	at io.restassured.internal.ValidatableResponseOptionsImpl.body(ValidatableResponseOptionsImpl.java:268)
	at autotest.autotest.testcases.zzkgapi.ApiTest.addAddress(ApiTest.java:23)
... Removed 32 stack frames]]>
    </failure>
  </testcase> <!-- addAddress -->
  <testcase name="addAddress" time="0.097" classname="autotest.autotest.testcases.zzkgapi.ApiTest"/>
  <testcase name="addAddress" time="0.098" classname="autotest.autotest.testcases.zzkgapi.ApiTest"/>
  <testcase name="addAddress" time="0.066" classname="autotest.autotest.testcases.zzkgapi.ApiTest"/>
  <testcase name="addAddress" time="0.068" classname="autotest.autotest.testcases.zzkgapi.ApiTest"/>
  <testcase name="addAddress" time="0.067" classname="autotest.autotest.testcases.zzkgapi.ApiTest"/>
  <testcase name="addAddress" time="0.071" classname="autotest.autotest.testcases.zzkgapi.ApiTest"/>
  <testcase name="addAddress" time="0.067" classname="autotest.autotest.testcases.zzkgapi.ApiTest"/>
  <testcase name="addAddress" time="0.067" classname="autotest.autotest.testcases.zzkgapi.ApiTest"/>
  <testcase name="addAddress" time="0.161" classname="autotest.autotest.testcases.zzkgapi.ApiTest"/>
  <testcase name="addAddress" time="0.081" classname="autotest.autotest.testcases.zzkgapi.ApiTest"/>
  <testcase name="addAddress" time="0.101" classname="autotest.autotest.testcases.zzkgapi.ApiTest"/>
  <testcase name="addAddress" time="0.119" classname="autotest.autotest.testcases.zzkgapi.ApiTest"/>
  <testcase name="addAddress" time="0.106" classname="autotest.autotest.testcases.zzkgapi.ApiTest"/>
  <testcase name="addAddress" time="0.116" classname="autotest.autotest.testcases.zzkgapi.ApiTest"/>
  <testcase name="addAddress" time="0.186" classname="autotest.autotest.testcases.zzkgapi.ApiTest"/>
  <testcase name="addAddress" time="0.179" classname="autotest.autotest.testcases.zzkgapi.ApiTest"/>
  <testcase name="addAddress" time="0.113" classname="autotest.autotest.testcases.zzkgapi.ApiTest"/>
  <testcase name="addAddress" time="0.12" classname="autotest.autotest.testcases.zzkgapi.ApiTest"/>
  <testcase name="addAddress" time="0.07" classname="autotest.autotest.testcases.zzkgapi.ApiTest"/>
  <testcase name="addAddress" time="0.068" classname="autotest.autotest.testcases.zzkgapi.ApiTest"/>
  <testcase name="addAddress" time="0.093" classname="autotest.autotest.testcases.zzkgapi.ApiTest"/>
  <testcase name="addAddress" time="0.104" classname="autotest.autotest.testcases.zzkgapi.ApiTest"/>
  <testcase name="addAddress" time="0.096" classname="autotest.autotest.testcases.zzkgapi.ApiTest"/>
  <testcase name="addAddress" time="0.093" classname="autotest.autotest.testcases.zzkgapi.ApiTest"/>
  <testcase name="addAddress" time="0.095" classname="autotest.autotest.testcases.zzkgapi.ApiTest"/>
  <testcase name="addAddress" time="0.102" classname="autotest.autotest.testcases.zzkgapi.ApiTest"/>
  <testcase name="addAddress" time="0.109" classname="autotest.autotest.testcases.zzkgapi.ApiTest"/>
  <testcase name="addAddress" time="0.126" classname="autotest.autotest.testcases.zzkgapi.ApiTest"/>
  <testcase name="searchArea" time="0.152" classname="autotest.autotest.testcases.zzkgapi.ApiTest"/>
  <testcase name="getArea" time="0.114" classname="autotest.autotest.testcases.zzkgapi.ApiTest"/>
</testsuite> <!-- zzkgApiTest -->
