<?xml version="1.0" encoding="UTF-8"?>
<testng-results skipped="0" failed="0" ignored="2" total="3" passed="1">
  <reporter-output>
  </reporter-output>
  <suite name="Default suite" duration-ms="288" started-at="2018-01-02T07:57:52Z" finished-at="2018-01-02T07:57:52Z">
    <groups>
    </groups>
    <test name="Default test" duration-ms="288" started-at="2018-01-02T07:57:52Z" finished-at="2018-01-02T07:57:52Z">
      <class name="autotest.autotest.TryDB">
        <test-method status="PASS" signature="B()[pri:0, instance:autotest.autotest.TryDB@8bd1b6a]" name="B" duration-ms="273" started-at="2018-01-02T15:57:52Z" finished-at="2018-01-02T15:57:52Z">
          <reporter-output>
          </reporter-output>
        </test-method> <!-- B -->
      </class> <!-- autotest.autotest.TryDB -->
    </test> <!-- Default test -->
  </suite> <!-- Default suite -->
</testng-results>
