<?xml version="1.0" encoding="UTF-8"?>
<!-- Generated by org.testng.reporters.JUnitXMLReporter -->
<testsuite hostname="DESKTOP-MB16O9P" ignored="2" name="Default test" tests="3" failures="0" timestamp="04 一月 2018 01:18:34 GMT" time="3.003" errors="0">
  <testcase name="changeArea" time="1.77" classname="autotest.autotest.testcases.zzkgapi.ApiTest"/>
  <testcase name="changeArea" time="0.184" classname="autotest.autotest.testcases.zzkgapi.ApiTest"/>
  <testcase name="changeArea" time="0.188" classname="autotest.autotest.testcases.zzkgapi.ApiTest"/>
  <testcase name="addAddress" time="0.0" classname="autotest.autotest.testcases.zzkgapi.ApiTest">
    <ignored/>
  </testcase> <!-- addAddress -->
  <testcase name="searchArea" time="0.0" classname="autotest.autotest.testcases.zzkgapi.ApiTest">
    <ignored/>
  </testcase> <!-- searchArea -->
</testsuite> <!-- Default test -->
